[debug] [2021-11-19T07:21:35.742Z] ----------------------------------------------------------------------
[debug] [2021-11-19T07:21:35.744Z] Command:       C:\Program Files\nodejs\node.exe C:\Users\Eshita\AppData\Roaming\npm\node_modules\firebase-tools\lib\bin\firebase.js init
[debug] [2021-11-19T07:21:35.744Z] CLI Version:   9.23.0
[debug] [2021-11-19T07:21:35.745Z] Platform:      win32
[debug] [2021-11-19T07:21:35.745Z] Node Version:  v14.17.1
[debug] [2021-11-19T07:21:35.745Z] Time:          Fri Nov 19 2021 13:21:35 GMT+0600 (Bangladesh Standard Time)
[debug] [2021-11-19T07:21:35.746Z] ----------------------------------------------------------------------
[debug] 
[debug] [2021-11-19T07:21:35.794Z] > command requires scopes: ["email","openid","https://www.googleapis.com/auth/cloudplatformprojects.readonly","https://www.googleapis.com/auth/firebase","https://www.googleapis.com/auth/cloud-platform"]
[debug] [2021-11-19T07:21:35.794Z] > authorizing via signed-in user (sangitabd5588@gmail.com)
[info] 
     ######## #### ########  ######## ########     ###     ######  ########
     ##        ##  ##     ## ##       ##     ##  ##   ##  ##       ##
     ######    ##  ########  ######   ########  #########  ######  ######
     ##        ##  ##    ##  ##       ##     ## ##     ##       ## ##
     ##       #### ##     ## ######## ########  ##     ##  ######  ########

You're about to initialize a Firebase project in this directory:

  G:\web development course jhankar mahabub vai\react project from 51 module\doctors-portal-client-module-76-5

Before we get started, keep in mind:

  * You are initializing within an existing Firebase project directory

[info] 
=== Project Setup
[info] 
[info] First, let's associate this project directory with a Firebase project.
[info] You can create multiple project aliases by running firebase use --add, 
[info] but for now we'll just set up a default project.
[info] 
[info] i  .firebaserc already has a default project, using doctors-portal-dc289. 
[debug] [2021-11-19T07:21:50.476Z] > refreshing access token with scopes: []
[debug] [2021-11-19T07:21:50.476Z] >>> HTTP REQUEST POST https://www.googleapis.com/oauth2/v3/token  
 <request body omitted>
[debug] [2021-11-19T07:21:50.752Z] <<< HTTP RESPONSE 200 {"date":"Fri, 19 Nov 2021 07:21:49 GMT","pragma":"no-cache","cache-control":"no-cache, no-store, max-age=0, must-revalidate","expires":"Mon, 01 Jan 1990 00:00:00 GMT","content-type":"application/json; charset=utf-8","vary":"X-Origin, Referer, Origin,Accept-Encoding","server":"scaffolding on HTTPServer2","x-xss-protection":"0","x-frame-options":"SAMEORIGIN","x-content-type-options":"nosniff","alt-svc":"h3=\":443\"; ma=2592000,h3-29=\":443\"; ma=2592000,h3-Q050=\":443\"; ma=2592000,h3-Q046=\":443\"; ma=2592000,h3-Q043=\":443\"; ma=2592000,quic=\":443\"; ma=2592000; v=\"46,43\"","accept-ranges":"none","transfer-encoding":"chunked"}
[debug] [2021-11-19T07:21:51.303Z] >>> [apiv2][query] GET https://firebase.googleapis.com/v1beta1/projects/doctors-portal-dc289 [none]
[debug] [2021-11-19T07:21:52.133Z] <<< [apiv2][status] GET https://firebase.googleapis.com/v1beta1/projects/doctors-portal-dc289 403
[debug] [2021-11-19T07:21:52.133Z] <<< [apiv2][body] GET https://firebase.googleapis.com/v1beta1/projects/doctors-portal-dc289 {"error":{"code":403,"message":"The caller does not have permission","status":"PERMISSION_DENIED"}}
[debug] [2021-11-19T07:21:52.134Z] HTTP Error: 403, The caller does not have permission
[debug] [2021-11-19T07:21:52.345Z] FirebaseError: HTTP Error: 403, The caller does not have permission
    at module.exports (C:\Users\Eshita\AppData\Roaming\npm\node_modules\firebase-tools\lib\responseToError.js:38:12)
    at Client.doRequest (C:\Users\Eshita\AppData\Roaming\npm\node_modules\firebase-tools\lib\apiv2.js:241:23)
    at processTicksAndRejections (internal/process/task_queues.js:95:5)
    at async Client.request (C:\Users\Eshita\AppData\Roaming\npm\node_modules\firebase-tools\lib\apiv2.js:96:20)
    at async Object.getFirebaseProject (C:\Users\Eshita\AppData\Roaming\npm\node_modules\firebase-tools\lib\management\projects.js:290:21)
    at async Object.doSetup [as project] (C:\Users\Eshita\AppData\Roaming\npm\node_modules\firebase-tools\lib\init\features\project.js:77:27)
    at async init (C:\Users\Eshita\AppData\Roaming\npm\node_modules\firebase-tools\lib\init\index.js:19:9)
[error] 
[error] Error: Failed to get Firebase project doctors-portal-dc289. Please make sure the project exists and your account has permission to access it.
[debug] [2021-11-19T07:22:09.440Z] ----------------------------------------------------------------------
[debug] [2021-11-19T07:22:09.442Z] Command:       C:\Program Files\nodejs\node.exe C:\Users\Eshita\AppData\Roaming\npm\node_modules\firebase-tools\lib\bin\firebase.js init
[debug] [2021-11-19T07:22:09.442Z] CLI Version:   9.23.0
[debug] [2021-11-19T07:22:09.443Z] Platform:      win32
[debug] [2021-11-19T07:22:09.443Z] Node Version:  v14.17.1
[debug] [2021-11-19T07:22:09.654Z] Time:          Fri Nov 19 2021 13:22:09 GMT+0600 (Bangladesh Standard Time)
[debug] [2021-11-19T07:22:09.654Z] ----------------------------------------------------------------------
[debug] 
[debug] [2021-11-19T07:22:09.707Z] > command requires scopes: ["email","openid","https://www.googleapis.com/auth/cloudplatformprojects.readonly","https://www.googleapis.com/auth/firebase","https://www.googleapis.com/auth/cloud-platform"]
[debug] [2021-11-19T07:22:09.707Z] > authorizing via signed-in user (sangitabd5588@gmail.com)
[info] 
     ######## #### ########  ######## ########     ###     ######  ########
     ##        ##  ##     ## ##       ##     ##  ##   ##  ##       ##
     ######    ##  ########  ######   ########  #########  ######  ######
     ##        ##  ##    ##  ##       ##     ## ##     ##       ## ##
     ##       #### ##     ## ######## ########  ##     ##  ######  ########

You're about to initialize a Firebase project in this directory:

  G:\web development course jhankar mahabub vai\react project from 51 module\doctors-portal-client-module-76-5

Before we get started, keep in mind:

  * You are initializing within an existing Firebase project directory

[info] 
=== Project Setup
[info] 
[info] First, let's associate this project directory with a Firebase project.
[info] You can create multiple project aliases by running firebase use --add, 
[info] but for now we'll just set up a default project.
[info] 
[info] i  .firebaserc already has a default project, using doctors-portal-dc289. 
[debug] [2021-11-19T07:22:17.944Z] >>> [apiv2][query] GET https://firebase.googleapis.com/v1beta1/projects/doctors-portal-dc289 [none]
[debug] [2021-11-19T07:22:18.454Z] <<< [apiv2][status] GET https://firebase.googleapis.com/v1beta1/projects/doctors-portal-dc289 403
[debug] [2021-11-19T07:22:18.454Z] <<< [apiv2][body] GET https://firebase.googleapis.com/v1beta1/projects/doctors-portal-dc289 {"error":{"code":403,"message":"The caller does not have permission","status":"PERMISSION_DENIED"}}
[debug] [2021-11-19T07:22:18.454Z] HTTP Error: 403, The caller does not have permission
[debug] [2021-11-19T07:22:18.663Z] FirebaseError: HTTP Error: 403, The caller does not have permission
    at module.exports (C:\Users\Eshita\AppData\Roaming\npm\node_modules\firebase-tools\lib\responseToError.js:38:12)
    at Client.doRequest (C:\Users\Eshita\AppData\Roaming\npm\node_modules\firebase-tools\lib\apiv2.js:241:23)
    at processTicksAndRejections (internal/process/task_queues.js:95:5)
    at async Client.request (C:\Users\Eshita\AppData\Roaming\npm\node_modules\firebase-tools\lib\apiv2.js:96:20)
    at async Object.getFirebaseProject (C:\Users\Eshita\AppData\Roaming\npm\node_modules\firebase-tools\lib\management\projects.js:290:21)
    at async Object.doSetup [as project] (C:\Users\Eshita\AppData\Roaming\npm\node_modules\firebase-tools\lib\init\features\project.js:77:27)
    at async init (C:\Users\Eshita\AppData\Roaming\npm\node_modules\firebase-tools\lib\init\index.js:19:9)
[error] 
[error] Error: Failed to get Firebase project doctors-portal-dc289. Please make sure the project exists and your account has permission to access it.
[debug] [2021-11-19T07:22:39.978Z] ----------------------------------------------------------------------
[debug] [2021-11-19T07:22:39.982Z] Command:       C:\Program Files\nodejs\node.exe C:\Users\Eshita\AppData\Roaming\npm\node_modules\firebase-tools\lib\bin\firebase.js deploy
[debug] [2021-11-19T07:22:39.983Z] CLI Version:   9.23.0
[debug] [2021-11-19T07:22:39.983Z] Platform:      win32
[debug] [2021-11-19T07:22:39.983Z] Node Version:  v14.17.1
[debug] [2021-11-19T07:22:39.984Z] Time:          Fri Nov 19 2021 13:22:39 GMT+0600 (Bangladesh Standard Time)
[debug] [2021-11-19T07:22:39.984Z] ----------------------------------------------------------------------
[debug] 
[debug] [2021-11-19T07:22:40.033Z] > command requires scopes: ["email","openid","https://www.googleapis.com/auth/cloudplatformprojects.readonly","https://www.googleapis.com/auth/firebase","https://www.googleapis.com/auth/cloud-platform"]
[debug] [2021-11-19T07:22:40.033Z] > authorizing via signed-in user (sangitabd5588@gmail.com)
[debug] [2021-11-19T07:22:40.033Z] [iam] checking project doctors-portal-dc289 for permissions ["firebase.projects.get","firebasehosting.sites.update"]
[debug] [2021-11-19T07:22:40.035Z] > refreshing access token with scopes: ["email","https://www.googleapis.com/auth/cloud-platform","https://www.googleapis.com/auth/cloudplatformprojects.readonly","https://www.googleapis.com/auth/firebase","openid"]
[debug] [2021-11-19T07:22:40.035Z] >>> HTTP REQUEST POST https://www.googleapis.com/oauth2/v3/token  
 <request body omitted>
[debug] [2021-11-19T07:22:40.276Z] <<< HTTP RESPONSE 200 {"date":"Fri, 19 Nov 2021 07:22:39 GMT","pragma":"no-cache","cache-control":"no-cache, no-store, max-age=0, must-revalidate","expires":"Mon, 01 Jan 1990 00:00:00 GMT","content-type":"application/json; charset=utf-8","vary":"X-Origin, Referer, Origin,Accept-Encoding","server":"scaffolding on HTTPServer2","x-xss-protection":"0","x-frame-options":"SAMEORIGIN","x-content-type-options":"nosniff","alt-svc":"h3=\":443\"; ma=2592000,h3-29=\":443\"; ma=2592000,h3-Q050=\":443\"; ma=2592000,h3-Q046=\":443\"; ma=2592000,h3-Q043=\":443\"; ma=2592000,quic=\":443\"; ma=2592000; v=\"46,43\"","accept-ranges":"none","transfer-encoding":"chunked"}
[debug] [2021-11-19T07:22:41.021Z] >>> HTTP REQUEST POST https://cloudresourcemanager.googleapis.com/v1/projects/doctors-portal-dc289:testIamPermissions  
 {"permissions":["firebase.projects.get","firebasehosting.sites.update"]}
[debug] [2021-11-19T07:22:42.458Z] <<< HTTP RESPONSE 200 {"content-type":"application/json; charset=UTF-8","vary":"X-Origin, Referer, Origin,Accept-Encoding","date":"Fri, 19 Nov 2021 07:22:41 GMT","server":"ESF","cache-control":"private","x-xss-protection":"0","x-frame-options":"SAMEORIGIN","x-content-type-options":"nosniff","server-timing":"gfet4t7; dur=1051","alt-svc":"h3=\":443\"; ma=2592000,h3-29=\":443\"; ma=2592000,h3-Q050=\":443\"; ma=2592000,h3-Q046=\":443\"; ma=2592000,h3-Q043=\":443\"; ma=2592000,quic=\":443\"; ma=2592000; v=\"46,43\"","accept-ranges":"none","transfer-encoding":"chunked"}
[debug] [2021-11-19T07:22:42.461Z] [iam] error while checking permissions, command may fail: FirebaseError: Authorization failed. This account is missing the following required permissions on project doctors-portal-dc289:

  firebase.projects.get
  firebasehosting.sites.update
[debug] [2021-11-19T07:22:42.462Z] > refreshing access token with scopes: []
[debug] [2021-11-19T07:22:42.462Z] >>> HTTP REQUEST POST https://www.googleapis.com/oauth2/v3/token  
 <request body omitted>
[debug] [2021-11-19T07:22:42.672Z] <<< HTTP RESPONSE 200 {"date":"Fri, 19 Nov 2021 07:22:41 GMT","pragma":"no-cache","cache-control":"no-cache, no-store, max-age=0, must-revalidate","expires":"Mon, 01 Jan 1990 00:00:00 GMT","content-type":"application/json; charset=utf-8","vary":"X-Origin, Referer, Origin,Accept-Encoding","server":"scaffolding on HTTPServer2","x-xss-protection":"0","x-frame-options":"SAMEORIGIN","x-content-type-options":"nosniff","alt-svc":"h3=\":443\"; ma=2592000,h3-29=\":443\"; ma=2592000,h3-Q050=\":443\"; ma=2592000,h3-Q046=\":443\"; ma=2592000,h3-Q043=\":443\"; ma=2592000,quic=\":443\"; ma=2592000; v=\"46,43\"","accept-ranges":"none","transfer-encoding":"chunked"}
[debug] [2021-11-19T07:22:42.836Z] >>> [apiv2][query] GET https://firebase.googleapis.com/v1beta1/projects/doctors-portal-dc289 [none]
[debug] [2021-11-19T07:22:43.321Z] <<< [apiv2][status] GET https://firebase.googleapis.com/v1beta1/projects/doctors-portal-dc289 403
[debug] [2021-11-19T07:22:43.321Z] <<< [apiv2][body] GET https://firebase.googleapis.com/v1beta1/projects/doctors-portal-dc289 {"error":{"code":403,"message":"The caller does not have permission","status":"PERMISSION_DENIED"}}
[debug] [2021-11-19T07:22:43.322Z] HTTP Error: 403, The caller does not have permission
[debug] [2021-11-19T07:22:43.520Z] FirebaseError: HTTP Error: 403, The caller does not have permission
    at module.exports (C:\Users\Eshita\AppData\Roaming\npm\node_modules\firebase-tools\lib\responseToError.js:38:12)
    at Client.doRequest (C:\Users\Eshita\AppData\Roaming\npm\node_modules\firebase-tools\lib\apiv2.js:241:23)
    at processTicksAndRejections (internal/process/task_queues.js:95:5)
    at async Client.request (C:\Users\Eshita\AppData\Roaming\npm\node_modules\firebase-tools\lib\apiv2.js:96:20)
    at async Object.getFirebaseProject (C:\Users\Eshita\AppData\Roaming\npm\node_modules\firebase-tools\lib\management\projects.js:290:21)
    at async Object.getDefaultHostingSite (C:\Users\Eshita\AppData\Roaming\npm\node_modules\firebase-tools\lib\getDefaultHostingSite.js:8:21)
    at async requireHostingSite (C:\Users\Eshita\AppData\Roaming\npm\node_modules\firebase-tools\lib\requireHostingSite.js:9:18)
    at async Object.fn (C:\Users\Eshita\AppData\Roaming\npm\node_modules\firebase-tools\lib\commands\deploy.js:73:9)
    at async C:\Users\Eshita\AppData\Roaming\npm\node_modules\firebase-tools\lib\command.js:188:17
[error] 
[error] Error: Failed to get Firebase project doctors-portal-dc289. Please make sure the project exists and your account has permission to access it.
